0 verbose cli /usr/local/bin/node /usr/local/bin/npm
1 info using npm@10.9.2
2 info using node@v22.14.0
3 silly config load:file:/usr/local/lib/node_modules/npm/npmrc
4 silly config load:file:/Users/adarsh/Documents/New project/frontend/.npmrc
5 silly config load:file:/Users/adarsh/.npmrc
6 silly config load:file:/Users/adarsh/.npm-global/etc/npmrc
7 verbose title npm install
8 verbose argv "install" "--cache" "../.npm-cache"
9 verbose logfile logs-max:10 dir:/Users/adarsh/Documents/New project/.npm-cache/_logs/2026-04-08T12_18_32_710Z-
10 verbose logfile /Users/adarsh/Documents/New project/.npm-cache/_logs/2026-04-08T12_18_32_710Z-debug-0.log
11 silly logfile done cleaning log files
12 silly packumentCache heap:2197815296 maxSize:549453824 maxEntrySize:274726912
13 http fetch GET https://registry.npmjs.org/npm attempt 1 failed with ENOTFOUND
14 silly idealTree buildDeps
15 silly fetch manifest react@^18.3.1
16 silly packumentCache full:https://registry.npmjs.org/react cache-miss
17 http fetch GET https://registry.npmjs.org/react attempt 1 failed with ENOTFOUND
18 http fetch GET https://registry.npmjs.org/npm attempt 2 failed with ENOTFOUND
19 http fetch GET https://registry.npmjs.org/react attempt 2 failed with ENOTFOUND
20 http fetch GET https://registry.npmjs.org/npm attempt 3 failed with ENOTFOUND
21 http fetch GET https://registry.npmjs.org/react attempt 3 failed with ENOTFOUND
22 silly fetch manifest react-dom@^18.3.1
23 silly packumentCache full:https://registry.npmjs.org/react-dom cache-miss
24 http fetch GET https://registry.npmjs.org/react-dom attempt 1 failed with ENOTFOUND
25 http fetch GET https://registry.npmjs.org/react-dom attempt 2 failed with ENOTFOUND
26 http fetch GET https://registry.npmjs.org/react-dom attempt 3 failed with ENOTFOUND
27 silly fetch manifest @vitejs/plugin-react@^4.3.3
28 silly packumentCache full:https://registry.npmjs.org/@vitejs%2fplugin-react cache-miss
29 http fetch GET https://registry.npmjs.org/@vitejs%2fplugin-react attempt 1 failed with ENOTFOUND
30 http fetch GET https://registry.npmjs.org/@vitejs%2fplugin-react attempt 2 failed with ENOTFOUND
31 http fetch GET https://registry.npmjs.org/@vitejs%2fplugin-react attempt 3 failed with ENOTFOUND
32 silly fetch manifest vite@^5.4.10
33 silly packumentCache full:https://registry.npmjs.org/vite cache-miss
34 http fetch GET https://registry.npmjs.org/vite attempt 1 failed with ENOTFOUND
35 http fetch GET https://registry.npmjs.org/vite attempt 2 failed with ENOTFOUND
36 http fetch GET https://registry.npmjs.org/vite attempt 3 failed with ENOTFOUND
37 silly placeDep ROOT @vitejs/plugin-react@ OK for: resume-tracker-frontend@0.0.1 want: ^4.3.3
38 silly placeDep ROOT react@ OK for: resume-tracker-frontend@0.0.1 want: ^18.3.1
39 silly placeDep ROOT react-dom@ OK for: resume-tracker-frontend@0.0.1 want: ^18.3.1
40 silly placeDep ROOT vite@ OK for: resume-tracker-frontend@0.0.1 want: ^5.4.10
41 verbose type system
42 verbose stack FetchError: request to https://registry.npmjs.org/@vitejs%2fplugin-react failed, reason: getaddrinfo ENOTFOUND registry.npmjs.org
42 verbose stack     at ClientRequest.<anonymous> (/usr/local/lib/node_modules/npm/node_modules/minipass-fetch/lib/index.js:130:14)
42 verbose stack     at ClientRequest.emit (node:events:518:28)
42 verbose stack     at emitErrorEvent (node:_http_client:104:11)
42 verbose stack     at _destroy (node:_http_client:898:9)
42 verbose stack     at onSocketNT (node:_http_client:918:5)
42 verbose stack     at process.processTicksAndRejections (node:internal/process/task_queues:91:21)
43 error code ENOTFOUND
44 error syscall getaddrinfo
45 error errno ENOTFOUND
46 error network request to https://registry.npmjs.org/@vitejs%2fplugin-react failed, reason: getaddrinfo ENOTFOUND registry.npmjs.org
47 error network This is a problem related to network connectivity.
47 error network In most cases you are behind a proxy or have bad network settings.
47 error network
47 error network If you are behind a proxy, please make sure that the
47 error network 'proxy' config is set properly.  See: 'npm help config'
48 silly unfinished npm timer reify 1775650713168
49 silly unfinished npm timer reify:loadTrees 1775650713170
50 verbose cwd /Users/adarsh/Documents/New project/frontend
51 verbose os Darwin 25.3.0
52 verbose node v22.14.0
53 verbose npm  v10.9.2
54 verbose exit 1
55 verbose code 1
56 error A complete log of this run can be found in: /Users/adarsh/Documents/New project/.npm-cache/_logs/2026-04-08T12_18_32_710Z-debug-0.log
